This is pdfTeX, Version 3.14159265-2.6-1.40.17 (TeX Live 2016/Debian) (preloaded format=pdflatex 2017.2.24)  28 FEB 2017 14:51
entering extended mode
 restricted \write18 enabled.
 %&-line parsing enabled.
**faims
(./faims.tex
LaTeX2e <2016/03/31> patch level 3
Babel <3.9r> and hyphenation patterns for 83 language(s) loaded.
(/usr/share/texlive/texmf-dist/tex/latex/elsarticle/elsarticle.cls
Document Class: elsarticle 2009/09/17, 1.2.0: Elsevier Ltd
\@bls=\dimen102
(/usr/share/texlive/texmf-dist/tex/latex/base/article.cls
Document Class: article 2014/09/29 v1.4h Standard LaTeX document class
(/usr/share/texlive/texmf-dist/tex/latex/base/size12.clo
File: size12.clo 2014/09/29 v1.4h Standard LaTeX file (size option)
)
\c@part=\count79
\c@section=\count80
\c@subsection=\count81
\c@subsubsection=\count82
\c@paragraph=\count83
\c@subparagraph=\count84
\c@figure=\count85
\c@table=\count86
\abovecaptionskip=\skip41
\belowcaptionskip=\skip42
\bibindent=\dimen103
)
(/usr/share/texlive/texmf-dist/tex/latex/graphics/graphicx.sty
Package: graphicx 2014/10/28 v1.0g Enhanced LaTeX Graphics (DPC,SPQR)

(/usr/share/texlive/texmf-dist/tex/latex/graphics/keyval.sty
Package: keyval 2014/10/28 v1.15 key=value parser (DPC)
\KV@toks@=\toks14
)
(/usr/share/texlive/texmf-dist/tex/latex/graphics/graphics.sty
Package: graphics 2016/07/10 v1.0t Standard LaTeX Graphics (DPC,SPQR)

(/usr/share/texlive/texmf-dist/tex/latex/graphics/trig.sty
Package: trig 2016/01/03 v1.10 sin cos tan (DPC)
)
(/usr/share/texlive/texmf-dist/tex/latex/graphics-cfg/graphics.cfg
File: graphics.cfg 2016/06/04 v1.11 sample graphics configuration
)
Package graphics Info: Driver file: pdftex.def on input line 99.

(/usr/share/texlive/texmf-dist/tex/latex/graphics-def/pdftex.def
File: pdftex.def 2016/07/10 v0.06j Graphics/color for pdfTeX

(/usr/share/texlive/texmf-dist/tex/generic/oberdiek/infwarerr.sty
Package: infwarerr 2016/05/16 v1.4 Providing info/warning/error messages (HO)
)
(/usr/share/texlive/texmf-dist/tex/generic/oberdiek/ltxcmds.sty
Package: ltxcmds 2016/05/16 v1.23 LaTeX kernel commands for general use (HO)
)
\Gread@gobject=\count87
))
\Gin@req@height=\dimen104
\Gin@req@width=\dimen105
)
(/usr/share/texlive/texmf-dist/tex/latex/psnfss/pifont.sty
Package: pifont 2005/04/12 PSNFSS-v9.2a Pi font support (SPQR) 
LaTeX Font Info:    Try loading font information for U+pzd on input line 63.

(/usr/share/texlive/texmf-dist/tex/latex/psnfss/upzd.fd
File: upzd.fd 2001/06/04 font definitions for U/pzd.
)
LaTeX Font Info:    Try loading font information for U+psy on input line 64.

(/usr/share/texlive/texmf-dist/tex/latex/psnfss/upsy.fd
File: upsy.fd 2001/06/04 font definitions for U/psy.
))
\c@tnote=\count88
\c@fnote=\count89
\c@cnote=\count90
\c@ead=\count91
\c@author=\count92
\@eadauthor=\toks15
\c@affn=\count93
\absbox=\box26
\keybox=\box27
\Columnwidth=\dimen106
\space@left=\dimen107
\els@boxa=\box28
\els@boxb=\box29
\leftMargin=\dimen108
\@enLab=\toks16
\@sep=\skip43
\@@sep=\skip44
 (./faims.spl)
(/usr/share/texlive/texmf-dist/tex/latex/natbib/natbib.sty
Package: natbib 2010/09/13 8.31b (PWD, AO)
\bibhang=\skip45
\bibsep=\skip46
LaTeX Info: Redefining \cite on input line 694.
\c@NAT@ctr=\count94
)
\splwrite=\write3
\openout3 = `faims.spl'.

)
(/usr/share/texlive/texmf-dist/tex/latex/amsfonts/amssymb.sty
Package: amssymb 2013/01/14 v3.01 AMS font symbols

(/usr/share/texlive/texmf-dist/tex/latex/amsfonts/amsfonts.sty
Package: amsfonts 2013/01/14 v3.01 Basic AMSFonts support
\@emptytoks=\toks17
\symAMSa=\mathgroup4
\symAMSb=\mathgroup5
LaTeX Font Info:    Overwriting math alphabet `\mathfrak' in version `bold'
(Font)                  U/euf/m/n --> U/euf/b/n on input line 106.
))
(/usr/share/texlive/texmf-dist/tex/latex/lineno/lineno.sty
Package: lineno 2005/11/02 line numbers on paragraphs v4.41
\linenopenalty=\count95
\output=\toks18
\linenoprevgraf=\count96
\linenumbersep=\dimen109
\linenumberwidth=\dimen110
\c@linenumber=\count97
\c@pagewiselinenumber=\count98
\c@LN@truepage=\count99
\c@internallinenumber=\count100
\c@internallinenumbers=\count101
\quotelinenumbersep=\dimen111
\bframerule=\dimen112
\bframesep=\dimen113
\bframebox=\box30
LaTeX Info: Redefining \\ on input line 3056.
)
(/usr/share/texlive/texmf-dist/tex/latex/hyperref/hyperref.sty
Package: hyperref 2016/06/24 v6.83q Hypertext links for LaTeX

(/usr/share/texlive/texmf-dist/tex/generic/oberdiek/hobsub-hyperref.sty
Package: hobsub-hyperref 2016/05/16 v1.14 Bundle oberdiek, subset hyperref (HO)


(/usr/share/texlive/texmf-dist/tex/generic/oberdiek/hobsub-generic.sty
Package: hobsub-generic 2016/05/16 v1.14 Bundle oberdiek, subset generic (HO)
Package: hobsub 2016/05/16 v1.14 Construct package bundles (HO)
Package hobsub Info: Skipping package `infwarerr' (already loaded).
Package hobsub Info: Skipping package `ltxcmds' (already loaded).
Package: ifluatex 2016/05/16 v1.4 Provides the ifluatex switch (HO)
Package ifluatex Info: LuaTeX not detected.
Package: ifvtex 2016/05/16 v1.6 Detect VTeX and its facilities (HO)
Package ifvtex Info: VTeX not detected.
Package: intcalc 2016/05/16 v1.2 Expandable calculations with integers (HO)
Package: ifpdf 2016/05/14 v3.1 Provides the ifpdf switch
Package: etexcmds 2016/05/16 v1.6 Avoid name clashes with e-TeX commands (HO)
Package etexcmds Info: Could not find \expanded.
(etexcmds)             That can mean that you are not using pdfTeX 1.50 or
(etexcmds)             that some package has redefined \expanded.
(etexcmds)             In the latter case, load this package earlier.
Package: kvsetkeys 2016/05/16 v1.17 Key value parser (HO)
Package: kvdefinekeys 2016/05/16 v1.4 Define keys (HO)
Package: pdftexcmds 2016/05/21 v0.22 Utility functions of pdfTeX for LuaTeX (HO
)
Package pdftexcmds Info: LuaTeX not detected.
Package pdftexcmds Info: \pdf@primitive is available.
Package pdftexcmds Info: \pdf@ifprimitive is available.
Package pdftexcmds Info: \pdfdraftmode found.
Package: pdfescape 2016/05/16 v1.14 Implements pdfTeX's escape features (HO)
Package: bigintcalc 2016/05/16 v1.4 Expandable calculations on big integers (HO
)
Package: bitset 2016/05/16 v1.2 Handle bit-vector datatype (HO)
Package: uniquecounter 2016/05/16 v1.3 Provide unlimited unique counter (HO)
)
Package hobsub Info: Skipping package `hobsub' (already loaded).
Package: letltxmacro 2016/05/16 v1.5 Let assignment for LaTeX macros (HO)
Package: hopatch 2016/05/16 v1.3 Wrapper for package hooks (HO)
Package: xcolor-patch 2016/05/16 xcolor patch
Package: atveryend 2016/05/16 v1.9 Hooks at the very end of document (HO)
Package atveryend Info: \enddocument detected (standard20110627).
Package: atbegshi 2016/06/09 v1.18 At begin shipout hook (HO)
Package: refcount 2016/05/16 v3.5 Data extraction from label references (HO)
Package: hycolor 2016/05/16 v1.8 Color options for hyperref/bookmark (HO)
)
(/usr/share/texlive/texmf-dist/tex/generic/ifxetex/ifxetex.sty
Package: ifxetex 2010/09/12 v0.6 Provides ifxetex conditional
)
(/usr/share/texlive/texmf-dist/tex/latex/oberdiek/auxhook.sty
Package: auxhook 2016/05/16 v1.4 Hooks for auxiliary files (HO)
)
(/usr/share/texlive/texmf-dist/tex/latex/oberdiek/kvoptions.sty
Package: kvoptions 2016/05/16 v3.12 Key value format for package options (HO)
)
\@linkdim=\dimen114
\Hy@linkcounter=\count102
\Hy@pagecounter=\count103

(/usr/share/texlive/texmf-dist/tex/latex/hyperref/pd1enc.def
File: pd1enc.def 2016/06/24 v6.83q Hyperref: PDFDocEncoding definition (HO)
)
\Hy@SavedSpaceFactor=\count104

(/usr/share/texlive/texmf-dist/tex/latex/latexconfig/hyperref.cfg
File: hyperref.cfg 2002/06/06 v1.2 hyperref configuration of TeXLive
)
Package hyperref Info: Hyper figures OFF on input line 4486.
Package hyperref Info: Link nesting OFF on input line 4491.
Package hyperref Info: Hyper index ON on input line 4494.
Package hyperref Info: Plain pages OFF on input line 4501.
Package hyperref Info: Backreferencing OFF on input line 4506.
Package hyperref Info: Implicit mode ON; LaTeX internals redefined.
Package hyperref Info: Bookmarks ON on input line 4735.
\c@Hy@tempcnt=\count105

(/usr/share/texlive/texmf-dist/tex/latex/url/url.sty
\Urlmuskip=\muskip10
Package: url 2013/09/16  ver 3.4  Verb mode for urls, etc.
)
LaTeX Info: Redefining \url on input line 5088.
\XeTeXLinkMargin=\dimen115
\Fld@menulength=\count106
\Field@Width=\dimen116
\Fld@charsize=\dimen117
Package hyperref Info: Hyper figures OFF on input line 6342.
Package hyperref Info: Link nesting OFF on input line 6347.
Package hyperref Info: Hyper index ON on input line 6350.
Package hyperref Info: backreferencing OFF on input line 6357.
Package hyperref Info: Link coloring OFF on input line 6362.
Package hyperref Info: Link coloring with OCG OFF on input line 6367.
Package hyperref Info: PDF/A mode OFF on input line 6372.
LaTeX Info: Redefining \ref on input line 6412.
LaTeX Info: Redefining \pageref on input line 6416.
\Hy@abspage=\count107
\c@Item=\count108
\c@Hfootnote=\count109
)

Package hyperref Message: Driver (autodetected): hpdftex.

(/usr/share/texlive/texmf-dist/tex/latex/hyperref/hpdftex.def
File: hpdftex.def 2016/06/24 v6.83q Hyperref driver for pdfTeX
\Fld@listcount=\count110
\c@bookmark@seq@number=\count111

(/usr/share/texlive/texmf-dist/tex/latex/oberdiek/rerunfilecheck.sty
Package: rerunfilecheck 2016/05/16 v1.8 Rerun checks for auxiliary files (HO)
Package uniquecounter Info: New unique counter `rerunfilecheck' on input line 2
82.
)
\Hy@SectionHShift=\skip47
)
(./faims.aux

LaTeX Warning: Label `' multiply defined.


LaTeX Warning: Label `' multiply defined.


LaTeX Warning: Label `' multiply defined.


LaTeX Warning: Label `' multiply defined.


LaTeX Warning: Label `' multiply defined.


LaTeX Warning: Label `' multiply defined.


LaTeX Warning: Label `' multiply defined.


LaTeX Warning: Label `' multiply defined.


LaTeX Warning: Label `' multiply defined.


LaTeX Warning: Label `' multiply defined.


LaTeX Warning: Label `' multiply defined.


LaTeX Warning: Label `' multiply defined.


LaTeX Warning: Label `' multiply defined.

)
\openout1 = `faims.aux'.

LaTeX Font Info:    Checking defaults for OML/cmm/m/it on input line 47.
LaTeX Font Info:    ... okay on input line 47.
LaTeX Font Info:    Checking defaults for T1/cmr/m/n on input line 47.
LaTeX Font Info:    ... okay on input line 47.
LaTeX Font Info:    Checking defaults for OT1/cmr/m/n on input line 47.
LaTeX Font Info:    ... okay on input line 47.
LaTeX Font Info:    Checking defaults for OMS/cmsy/m/n on input line 47.
LaTeX Font Info:    ... okay on input line 47.
LaTeX Font Info:    Checking defaults for OMX/cmex/m/n on input line 47.
LaTeX Font Info:    ... okay on input line 47.
LaTeX Font Info:    Checking defaults for U/cmr/m/n on input line 47.
LaTeX Font Info:    ... okay on input line 47.
LaTeX Font Info:    Checking defaults for PD1/pdf/m/n on input line 47.
LaTeX Font Info:    ... okay on input line 47.
 (/usr/share/texlive/texmf-dist/tex/context/base/mkii/supp-pdf.mkii
[Loading MPS to PDF converter (version 2006.09.02).]
\scratchcounter=\count112
\scratchdimen=\dimen118
\scratchbox=\box31
\nofMPsegments=\count113
\nofMParguments=\count114
\everyMPshowfont=\toks19
\MPscratchCnt=\count115
\MPscratchDim=\dimen119
\MPnumerator=\count116
\makeMPintoPDFobject=\count117
\everyMPtoPDFconversion=\toks20
) (/usr/share/texlive/texmf-dist/tex/latex/oberdiek/epstopdf-base.sty
Package: epstopdf-base 2016/05/15 v2.6 Base part for package epstopdf

(/usr/share/texlive/texmf-dist/tex/latex/oberdiek/grfext.sty
Package: grfext 2016/05/16 v1.2 Manage graphics extensions (HO)
)
Package epstopdf-base Info: Redefining graphics rule for `.eps' on input line 4
38.
Package grfext Info: Graphics extension search list:
(grfext)             [.png,.pdf,.jpg,.mps,.jpeg,.jbig2,.jb2,.PNG,.PDF,.JPG,.JPE
G,.JBIG2,.JB2,.eps]
(grfext)             \AppendGraphicsExtensions on input line 456.

(/usr/share/texlive/texmf-dist/tex/latex/latexconfig/epstopdf-sys.cfg
File: epstopdf-sys.cfg 2010/07/13 v1.3 Configuration of (r)epstopdf for TeX Liv
e
))
\AtBeginShipoutBox=\box32
Package hyperref Info: Link coloring OFF on input line 47.

(/usr/share/texlive/texmf-dist/tex/latex/hyperref/nameref.sty
Package: nameref 2016/05/21 v2.44 Cross-referencing by name of section

(/usr/share/texlive/texmf-dist/tex/generic/oberdiek/gettitlestring.sty
Package: gettitlestring 2016/05/16 v1.5 Cleanup title references (HO)
)
\c@section@level=\count118
)
LaTeX Info: Redefining \ref on input line 47.
LaTeX Info: Redefining \pageref on input line 47.
LaTeX Info: Redefining \nameref on input line 47.

(./faims.out) (./faims.out)
\@outlinefile=\write4
\openout4 = `faims.out'.

LaTeX Font Info:    Try loading font information for U+msa on input line 119.

(/usr/share/texlive/texmf-dist/tex/latex/amsfonts/umsa.fd
File: umsa.fd 2013/01/14 v3.01 AMS symbols A
)
LaTeX Font Info:    Try loading font information for U+msb on input line 119.

(/usr/share/texlive/texmf-dist/tex/latex/amsfonts/umsb.fd
File: umsb.fd 2013/01/14 v3.01 AMS symbols B
) [1


{/var/lib/texmf/fonts/map/pdftex/updmap/pdftex.map}] [2] [3]
LaTeX Font Info:    Try loading font information for OMS+cmr on input line 163.


(/usr/share/texlive/texmf-dist/tex/latex/base/omscmr.fd
File: omscmr.fd 2014/09/29 v2.5h Standard LaTeX font definitions
)
LaTeX Font Info:    Font shape `OMS/cmr/m/n' in size <12> not available
(Font)              Font shape `OMS/cmsy/m/n' tried instead on input line 163.
 [4] [5]
Overfull \hbox (3.69185pt too wide) in paragraph at lines 191--192
[]\OT1/cmr/m/n/12 Mobile GIS sup-port-ing raster and vec-tor data, layer man-ag
e-ment, legacy
 []

[6] <image_0.png, id=135, 1541.76pt x 2055.68pt>
File: image_0.png Graphic file (type png)
 <use image_0.png>
Package pdftex.def Info: image_0.png used on input line 213.
(pdftex.def)             Requested size: 191.10214pt x 254.79504pt.

<image_1.png, id=136, 1541.76pt x 2055.68pt>
File: image_1.png Graphic file (type png)
 <use image_1.png>
Package pdftex.def Info: image_1.png used on input line 218.
(pdftex.def)             Requested size: 191.10214pt x 254.79504pt.

<image_2.png, id=139, 564.1075pt x 903.375pt>
File: image_2.png Graphic file (type png)
 <use image_2.png>
Package pdftex.def Info: image_2.png used on input line 230.
(pdftex.def)             Requested size: 191.10214pt x 306.04068pt.

<image_3.png, id=141, 1541.76pt x 2055.68pt>
File: image_3.png Graphic file (type png)
 <use image_3.png>
Package pdftex.def Info: image_3.png used on input line 235.
(pdftex.def)             Requested size: 191.10214pt x 254.79504pt.

Overfull \hbox (4.80101pt too wide) in paragraph at lines 244--245
[]\OT1/cmr/m/n/12 Field re-search of-ten re-quires spa-tial data cap-ture and v
i-su-al-i-sa-tion. FAIMS
 []

[7] [8 <./image_0.png (PNG copy)> <./image_1.png (PNG copy)>] [9 <./image_2.png
> <./image_3.png (PNG copy)>] [10] (./faims.bbl [11]
Underfull \hbox (badness 1735) in paragraph at lines 65--69
[]\OT1/cmr/m/n/12 B. Carter, Craft-ing work flow- kobo tool-box/ Post-GIS/ QGIS
/
 []


Underfull \hbox (badness 4927) in paragraph at lines 65--69
\OT1/cmr/m/n/12 Li-bre-Of-fice base/ pgad-minIII | in-sti-tute on dig-i-tal ar-
chae-ol-
 []


Underfull \hbox (badness 4940) in paragraph at lines 65--69
\OT1/cmr/m/n/12 ogy method & prac-tice, []$\OT1/cmtt/m/n/12 http : / / digitala
rchaeology . msu . edu /
 []


Overfull \hbox (92.6916pt too wide) in paragraph at lines 65--69
\OT1/cmtt/m/n/12 crafting-[]work-[]flow-[]kobo-[]toolbox-[]postgis-[]qgis-[]lib
reoffice-[]base-[]pgadminiii/$[]\OT1/cmr/m/n/12 ,
 []


Underfull \hbox (badness 3492) in paragraph at lines 65--69
\OT1/cmr/m/n/12 archived at []$\OT1/cmtt/m/n/12 https : / / perma . cc / 5JPH-[
]XQN4$[]\OT1/cmr/m/n/12 , Ac-cessed: 2017-2-25
 []

[12]
Underfull \hbox (badness 10000) in paragraph at lines 110--113
[]\OT1/cmr/m/n/12 Q. Sun, The sci-en-tific soft-ware de-vel-oper in
 []


Underfull \hbox (badness 10000) in paragraph at lines 110--113
\OT1/cmr/m/n/12 academia, []$\OT1/cmtt/m/n/12 http : / / www . software . ac . 
uk / blog /
 []


Underfull \hbox (badness 7504) in paragraph at lines 110--113
\OT1/cmtt/m/n/12 2012-[]05-[]01-[]scientific-[]software-[]developer-[]academia$
[]\OT1/cmr/m/n/12 , archived
 []

)
Underfull \hbox (badness 10000) in paragraph at lines 315--316
[][]$\OT1/cmtt/m/n/12 https :
 []


Underfull \hbox (badness 10000) in paragraph at lines 315--316
\OT1/cmtt/m/n/12 / / github . com / FAIMS /
 []


Underfull \hbox (badness 10000) in paragraph at lines 316--317
[][]$\OT1/cmtt/m/n/12 https : / / github . com /
 []


Underfull \hbox (badness 10000) in paragraph at lines 317--318
[][]$\OT1/cmtt/m/n/12 https :
 []


Underfull \hbox (badness 1112) in paragraph at lines 325--326
[]\OT1/cmr/m/n/12 Java, Ruby, XML, SQLite, Spa-
 []


Underfull \hbox (badness 10000) in paragraph at lines 325--326
\OT1/cmr/m/n/12 tialite, Javarosa, Antlr, Pup-
 []


Underfull \hbox (badness 1189) in paragraph at lines 325--326
\OT1/cmr/m/n/12 pet, Apache, Im-agemag-ick, God,
 []


Underfull \hbox (badness 4621) in paragraph at lines 325--326
\OT1/cmr/m/n/12 Bean-shell, gson, guice, Nu-titeq
 []


Underfull \hbox (badness 4819) in paragraph at lines 325--326
\OT1/cmr/m/n/12 (non-free), Na-tiveCSS, Pro-to-buf,
 []


Underfull \hbox (badness 10000) in paragraph at lines 329--330
[][]$\OT1/cmtt/m/n/12 https :
 []


Underfull \hbox (badness 10000) in paragraph at lines 329--330
\OT1/cmtt/m/n/12 / / faimsproject . atlassian .
 []


Underfull \hbox (badness 10000) in paragraph at lines 329--330
\OT1/cmtt/m/n/12 net / wiki / display / FAIMS /
 []


Underfull \hbox (badness 10000) in paragraph at lines 329--330
\OT1/cmtt/m/n/12 FAIMS + Data % 2C + UI + and +
 []


Underfull \hbox (badness 10000) in paragraph at lines 330--331
[][]$\OT1/cmtt/m/n/12 https :
 []


Underfull \hbox (badness 10000) in paragraph at lines 330--331
\OT1/cmtt/m/n/12 / / faimsproject . atlassian .
 []


Underfull \hbox (badness 10000) in paragraph at lines 330--331
\OT1/cmtt/m/n/12 net / wiki / display / FAIMS /
 []


Overfull \hbox (8.77924pt too wide) in paragraph at lines 331--332
[]
 []


Underfull \hbox (badness 10000) in paragraph at lines 331--332
[]$\OT1/cmtt/m/n/12 https : / / faimsproject .
 []


Underfull \hbox (badness 10000) in paragraph at lines 331--332
\OT1/cmtt/m/n/12 atlassian . net / wiki /
 []


Overfull \hbox (25.64594pt too wide) in paragraph at lines 332--333
[]
 []


Underfull \hbox (badness 10000) in paragraph at lines 332--333
[]$\OT1/cmtt/m/n/12 https : / / www . fedarch . org /
 []


Overfull \hbox (35.70529pt too wide) in paragraph at lines 309--339
[][] 
 []


LaTeX Warning: Float too large for page by 91.16643pt on input line 341.


LaTeX Warning: `!h' float specifier changed to `!ht'.


Underfull \hbox (badness 6559) in paragraph at lines 349--349
[]\OT1/cmr/bx/n/12 (Executable) soft-ware meta-
 []


Underfull \hbox (badness 10000) in paragraph at lines 353--354
[][]$\OT1/cmtt/m/n/12 http : / / www .
 []


Underfull \hbox (badness 10000) in paragraph at lines 354--355
[][]$\OT1/cmtt/m/n/12 https : / / play .
 []


Underfull \hbox (badness 10000) in paragraph at lines 354--355
\OT1/cmtt/m/n/12 google . com / store / apps /
 []


Underfull \hbox (badness 10000) in paragraph at lines 354--355
\OT1/cmtt/m/n/12 details ? id = au . edu . faims .
 []


Overfull \hbox (58.51262pt too wide) in paragraph at lines 355--355
[]
 []


Underfull \hbox (badness 10000) in paragraph at lines 355--355
[]$\OT1/cmtt/m/n/12 https : / / raw .
 []


Underfull \hbox (badness 10000) in paragraph at lines 355--355
\OT1/cmtt/m/n/12 githubusercontent . com /
 []


Underfull \hbox (badness 10000) in paragraph at lines 355--355
\OT1/cmtt/m/n/12 FAIMS / faims-[]web / master /
 []


Underfull \hbox (badness 10000) in paragraph at lines 355--355
\OT1/cmtt/m/n/12 installer / puppetInstall .
 []


Underfull \hbox (badness 10000) in paragraph at lines 360--360
[]\OT1/cmr/m/n/12 Computing plat-forms/Operating
 []


Underfull \hbox (badness 10000) in paragraph at lines 364--366
[]\OT1/cmr/m/n/12 `Getting started' guide and
 []


Underfull \hbox (badness 10000) in paragraph at lines 364--366
\OT1/cmr/m/n/12 user doc-u-men-ta-tion: []$\OT1/cmtt/m/n/12 https :
 []


Underfull \hbox (badness 10000) in paragraph at lines 364--366
\OT1/cmtt/m/n/12 / / faimsproject . atlassian . net /
 []


Underfull \hbox (badness 10000) in paragraph at lines 364--366
\OT1/cmtt/m/n/12 wiki / display / FAIMS / Getting +
 []


Underfull \hbox (badness 10000) in paragraph at lines 364--366
\OT1/cmtt/m/n/12 started + with + FAIMS + -[] + an +
 []


Overfull \hbox (35.70529pt too wide) in paragraph at lines 347--370
[][] 
 []


LaTeX Warning: `!h' float specifier changed to `!ht'.

Package atveryend Info: Empty hook `BeforeClearDocument' on input line 374.
[13] [14] [15]
Package atveryend Info: Empty hook `AfterLastShipout' on input line 374.
 (./faims.aux)
Package atveryend Info: Executing hook `AtVeryEndDocument' on input line 374.
Package atveryend Info: Executing hook `AtEndAfterFileList' on input line 374.
Package rerunfilecheck Info: File `faims.out' has not changed.
(rerunfilecheck)             Checksum: E43162C866C3EC47C6BE18DB86C09240;550.


LaTeX Warning: There were multiply-defined labels.

Package atveryend Info: Empty hook `AtVeryVeryEnd' on input line 374.
 ) 
Here is how much of TeX's memory you used:
 6345 strings out of 493013
 91150 string characters out of 6135682
 190617 words of memory out of 5000000
 9752 multiletter control sequences out of 15000+600000
 14206 words of font info for 55 fonts, out of 8000000 for 9000
 1141 hyphenation exceptions out of 8191
 34i,11n,30p,1640b,493s stack positions out of 5000i,500n,10000p,200000b,80000s
</usr/share/texlive/texmf-dist/fonts/type1/public/amsfonts/cm/cmbx12.pfb></us
r/share/texlive/texmf-dist/fonts/type1/public/amsfonts/cm/cmr10.pfb></usr/share
/texlive/texmf-dist/fonts/type1/public/amsfonts/cm/cmr12.pfb></usr/share/texliv
e/texmf-dist/fonts/type1/public/amsfonts/cm/cmr17.pfb></usr/share/texlive/texmf
-dist/fonts/type1/public/amsfonts/cm/cmr7.pfb></usr/share/texlive/texmf-dist/fo
nts/type1/public/amsfonts/cm/cmr8.pfb></usr/share/texlive/texmf-dist/fonts/type
1/public/amsfonts/cm/cmss8.pfb></usr/share/texlive/texmf-dist/fonts/type1/publi
c/amsfonts/cm/cmsy10.pfb></usr/share/texlive/texmf-dist/fonts/type1/public/amsf
onts/cm/cmsy7.pfb></usr/share/texlive/texmf-dist/fonts/type1/public/amsfonts/cm
/cmsy8.pfb></usr/share/texlive/texmf-dist/fonts/type1/public/amsfonts/cm/cmti10
.pfb></usr/share/texlive/texmf-dist/fonts/type1/public/amsfonts/cm/cmti12.pfb><
/usr/share/texlive/texmf-dist/fonts/type1/public/amsfonts/cm/cmti7.pfb></usr/sh
are/texlive/texmf-dist/fonts/type1/public/amsfonts/cm/cmtt10.pfb></usr/share/te
xlive/texmf-dist/fonts/type1/public/amsfonts/cm/cmtt12.pfb></usr/share/texlive/
texmf-dist/fonts/type1/urw/zapfding/uzdr.pfb>
Output written on faims.pdf (15 pages, 6063638 bytes).
PDF statistics:
 328 PDF objects out of 1000 (max. 8388607)
 287 compressed objects within 3 object streams
 59 named destinations out of 1000 (max. 500000)
 93 words of extra memory for PDF output out of 10000 (max. 10000000)

